<?xml version="1.0" encoding="UTF-8"?>
<!-- Generated by org.testng.reporters.JUnitReportReporter -->
<testsuite hostname="WLG221SD" failures="0" tests="1" name="com.mystore.TestRunner.CucumberRunnerIT" time="14.681" errors="0" timestamp="2025-01-11T21:26:29 IST" skipped="0">
  <testcase classname="com.mystore.TestRunner.CucumberRunnerIT" name="runScenario" time="14.681"/>
  <system-out/>
</testsuite> <!-- com.mystore.TestRunner.CucumberRunnerIT -->
