<?xml version="1.0" encoding="UTF-8"?>
<!-- Generated by org.testng.reporters.JUnitReportReporter -->
<testsuite hostname="WLG221SD" failures="0" tests="2" name="com.mystore.TestRunner.CucumberRunnerIT" time="25.386" errors="0" timestamp="2025-01-12T13:33:34 IST" skipped="1">
  <testcase classname="com.mystore.TestRunner.CucumberRunnerIT" name="runScenario" time="12.169">
    <skipped/>
  </testcase> <!-- runScenario -->
  <system-out/>
  <testcase classname="com.mystore.TestRunner.CucumberRunnerIT" name="runScenario" time="13.217"/>
  <system-out/>
</testsuite> <!-- com.mystore.TestRunner.CucumberRunnerIT -->
